2017-04-23 17:15:55 WARN Shibboleth.Application : insecure cookieProps setting, set to "https" for SSL/TLS-only usage
2017-04-23 17:15:55 WARN Shibboleth.Application : handlerSSL should be enabled for SSL/TLS-enabled web sites
2017-04-23 17:15:57 ERROR XMLTooling.ParserPool : fatal error on line 0, column 0, message: unable to resolve host/address 'https://idp-db.shib/idp/shibboleth'
2017-04-23 17:15:57 ERROR OpenSAML.MetadataProvider.XML : error while loading resource (https://idp-db.shib/idp/shibboleth): XML error(s) during parsing, check log for specifics
2017-04-23 17:15:57 WARN OpenSAML.MetadataProvider.XML : adjusted reload interval to 600 seconds
2017-04-23 17:15:57 WARN OpenSAML.MetadataProvider.XML : trying backup file, exception loading remote resource: XML error(s) during parsing, check log for specifics
2017-04-23 17:15:57 ERROR XMLTooling.ParserPool : fatal error on line 0, column 0, message: unable to open primary document entity '/etc/shibboleth/metadata/metadata.xml'
2017-04-23 17:15:57 ERROR OpenSAML.MetadataProvider.XML : error while loading resource (/etc/shibboleth/metadata/metadata.xml): XML error(s) during parsing, check log for specifics
2017-04-23 17:15:57 CRIT Shibboleth.Application : error initializing MetadataProvider: XML error(s) during parsing, check log for specifics
2017-04-23 17:24:55 WARN Shibboleth.Application : insecure cookieProps setting, set to "https" for SSL/TLS-only usage
2017-04-23 17:24:55 WARN Shibboleth.Application : handlerSSL should be enabled for SSL/TLS-enabled web sites
2017-04-23 17:36:30 WARN Shibboleth.Application : insecure cookieProps setting, set to "https" for SSL/TLS-only usage
2017-04-23 17:36:30 WARN Shibboleth.Application : handlerSSL should be enabled for SSL/TLS-enabled web sites
2017-04-23 17:36:32 ERROR XMLTooling.ParserPool : fatal error on line 0, column 0, message: unable to resolve host/address 'https://idp-db.shib/idp/shibboleth'
2017-04-23 17:36:32 ERROR OpenSAML.MetadataProvider.XML : error while loading resource (https://idp-db.shib/idp/shibboleth): XML error(s) during parsing, check log for specifics
2017-04-23 17:36:32 WARN OpenSAML.MetadataProvider.XML : adjusted reload interval to 600 seconds
2017-04-23 17:36:32 WARN OpenSAML.MetadataProvider.XML : trying backup file, exception loading remote resource: XML error(s) during parsing, check log for specifics
2017-04-23 17:36:32 ERROR XMLTooling.ParserPool : fatal error on line 0, column 0, message: unable to open primary document entity '/etc/shibboleth/metadata/metadata.xml'
2017-04-23 17:36:32 ERROR OpenSAML.MetadataProvider.XML : error while loading resource (/etc/shibboleth/metadata/metadata.xml): XML error(s) during parsing, check log for specifics
2017-04-23 17:36:32 CRIT Shibboleth.Application : error initializing MetadataProvider: XML error(s) during parsing, check log for specifics
2017-04-23 17:38:10 WARN Shibboleth.Application : insecure cookieProps setting, set to "https" for SSL/TLS-only usage
2017-04-23 17:38:10 WARN Shibboleth.Application : handlerSSL should be enabled for SSL/TLS-enabled web sites
2017-04-23 17:38:12 ERROR XMLTooling.ParserPool : fatal error on line 0, column 0, message: unable to resolve host/address 'https://idp-db.shib/idp/shibboleth'
2017-04-23 17:38:12 ERROR OpenSAML.MetadataProvider.XML : error while loading resource (https://idp-db.shib/idp/shibboleth): XML error(s) during parsing, check log for specifics
2017-04-23 17:38:12 WARN OpenSAML.MetadataProvider.XML : adjusted reload interval to 600 seconds
2017-04-23 17:38:12 WARN OpenSAML.MetadataProvider.XML : trying backup file, exception loading remote resource: XML error(s) during parsing, check log for specifics
2017-04-23 17:38:12 ERROR XMLTooling.ParserPool : fatal error on line 0, column 0, message: unable to open primary document entity '/etc/shibboleth/metadata/metadata.xml'
2017-04-23 17:38:12 ERROR OpenSAML.MetadataProvider.XML : error while loading resource (/etc/shibboleth/metadata/metadata.xml): XML error(s) during parsing, check log for specifics
2017-04-23 17:38:12 CRIT Shibboleth.Application : error initializing MetadataProvider: XML error(s) during parsing, check log for specifics
2017-04-23 17:48:14 ERROR XMLTooling.ParserPool : fatal error on line 0, column 0, message: unable to resolve host/address 'https://idp-db.shib/idp/shibboleth'
2017-04-23 17:48:14 ERROR OpenSAML.MetadataProvider.XML : error while loading resource (https://idp-db.shib/idp/shibboleth): XML error(s) during parsing, check log for specifics
2017-04-23 17:48:14 WARN OpenSAML.MetadataProvider.XML : adjusted reload interval to 1200 seconds
2017-04-23 17:48:14 WARN OpenSAML.MetadataProvider.XML : trying backup file, exception loading remote resource: XML error(s) during parsing, check log for specifics
2017-04-23 17:48:14 ERROR XMLTooling.ParserPool : fatal error on line 0, column 0, message: unable to open primary document entity '/etc/shibboleth/metadata/metadata.xml'
2017-04-23 17:48:14 ERROR OpenSAML.MetadataProvider.XML : error while loading resource (/etc/shibboleth/metadata/metadata.xml): XML error(s) during parsing, check log for specifics
2017-04-23 17:48:14 CRIT OpenSAML.MetadataProvider.XML : maintaining existing configuration, error reloading resource (https://idp-db.shib/idp/shibboleth): XML error(s) during parsing, check log for specifics
2017-04-23 17:54:59 WARN Shibboleth.Application : insecure cookieProps setting, set to "https" for SSL/TLS-only usage
2017-04-23 17:54:59 WARN Shibboleth.Application : handlerSSL should be enabled for SSL/TLS-enabled web sites
2017-04-23 17:55:01 ERROR XMLTooling.ParserPool : fatal error on line 0, column 0, message: unable to resolve host/address 'https://idp-db.shib/idp/shibboleth'
2017-04-23 17:55:01 ERROR OpenSAML.MetadataProvider.XML : error while loading resource (https://idp-db.shib/idp/shibboleth): XML error(s) during parsing, check log for specifics
2017-04-23 17:55:01 WARN OpenSAML.MetadataProvider.XML : adjusted reload interval to 600 seconds
2017-04-23 17:55:01 WARN OpenSAML.MetadataProvider.XML : trying backup file, exception loading remote resource: XML error(s) during parsing, check log for specifics
2017-04-23 17:55:01 ERROR XMLTooling.ParserPool : fatal error on line 0, column 0, message: unable to open primary document entity '/etc/shibboleth/metadata/metadata.xml'
2017-04-23 17:55:01 ERROR OpenSAML.MetadataProvider.XML : error while loading resource (/etc/shibboleth/metadata/metadata.xml): XML error(s) during parsing, check log for specifics
2017-04-23 17:55:01 CRIT Shibboleth.Application : error initializing MetadataProvider: XML error(s) during parsing, check log for specifics
2017-04-23 17:55:11 WARN Shibboleth.SessionInitiator.SAML2 [1]: unable to locate metadata for provider (idp-db.shib)
2017-04-23 17:55:16 WARN Shibboleth.SessionInitiator.SAML2 [2]: unable to locate metadata for provider (idp-db.shib)
2017-04-23 17:55:44 WARN Shibboleth.SessionInitiator.SAML2 [3]: unable to locate metadata for provider (idp-db.shib)
2017-04-23 18:03:52 WARN Shibboleth.Application : insecure cookieProps setting, set to "https" for SSL/TLS-only usage
2017-04-23 18:03:52 WARN Shibboleth.Application : handlerSSL should be enabled for SSL/TLS-enabled web sites
